<?xml version="1.0" encoding="UTF-8"?>
<testsuite name="tobyspring.hello.HelloServiceTest" tests="2" skipped="0" failures="0" errors="0" timestamp="2024-06-05T05:59:59" hostname="gimdong-gyun-ui-MacBookPro.local" time="0.011">
  <properties/>
  <testcase name="simpleHelloService()" classname="tobyspring.hello.HelloServiceTest" time="0.003"/>
  <testcase name="helloDecorator()" classname="tobyspring.hello.HelloServiceTest" time="0.006"/>
  <system-out><![CDATA[]]></system-out>
  <system-err><![CDATA[]]></system-err>
</testsuite>
