<?xml version="1.0" encoding="UTF-8"?>
<testsuite name="tobyspring.hello.HelloControllerTest" tests="2" skipped="0" failures="0" errors="0" timestamp="2024-06-05T05:59:59" hostname="gimdong-gyun-ui-MacBookPro.local" time="0.013">
  <properties/>
  <testcase name="failsHelloController()" classname="tobyspring.hello.HelloControllerTest" time="0.008"/>
  <testcase name="helloController()" classname="tobyspring.hello.HelloControllerTest" time="0.003"/>
  <system-out><![CDATA[]]></system-out>
  <system-err><![CDATA[]]></system-err>
</testsuite>
